<?xml version="1.0" encoding="UTF-8"?>
<testsuite name="com.neiljbrown.java11.LocalVariableSyntaxForLambdaParamsTest" tests="1" skipped="0" failures="0" errors="0" timestamp="2025-05-15T09:47:54" hostname="SE-C02ZMXQ8MD6N" time="0.037">
  <properties/>
  <testcase name="testVarLambdaParamSupportingAnnotatedCompileTimeNullCheck()" classname="com.neiljbrown.java11.LocalVariableSyntaxForLambdaParamsTest" time="0.037"/>
  <system-out><![CDATA[]]></system-out>
  <system-err><![CDATA[]]></system-err>
</testsuite>
