<?xml version="1.0" encoding="UTF-8"?>
<testsuite name="com.neiljbrown.java11.StringTest" tests="6" skipped="0" failures="0" errors="0" timestamp="2025-05-15T09:47:54" hostname="SE-C02ZMXQ8MD6N" time="0.022">
  <properties/>
  <testcase name="testStripLeading()" classname="com.neiljbrown.java11.StringTest" time="0.004"/>
  <testcase name="testLines()" classname="com.neiljbrown.java11.StringTest" time="0.002"/>
  <testcase name="testStripTrailing()" classname="com.neiljbrown.java11.StringTest" time="0.0"/>
  <testcase name="testStripSimilarityAndDifferenceToTrim()" classname="com.neiljbrown.java11.StringTest" time="0.011"/>
  <testcase name="testIsBlank()" classname="com.neiljbrown.java11.StringTest" time="0.001"/>
  <testcase name="testRepeat()" classname="com.neiljbrown.java11.StringTest" time="0.001"/>
  <system-out><![CDATA[]]></system-out>
  <system-err><![CDATA[]]></system-err>
</testsuite>
