<?xml version="1.0" encoding="UTF-8"?>
<testsuite name="com.neiljbrown.java11.PredicateTest" tests="1" skipped="0" failures="0" errors="0" timestamp="2025-05-15T09:47:57" hostname="SE-C02ZMXQ8MD6N" time="0.001">
  <properties/>
  <testcase name="testNot()" classname="com.neiljbrown.java11.PredicateTest" time="0.001"/>
  <system-out><![CDATA[]]></system-out>
  <system-err><![CDATA[]]></system-err>
</testsuite>
